"drag-rfile"
"Time Step" "drag etc.."
("Time Step" "drag(cylinder)" "flow-time")
0 0 0
305 1.059926 0.1525
306 1.059867 0.153
307 1.059786 0.1535
308 1.059725 0.154
309 1.059659 0.1545
310 1.059588 0.155
311 1.059525 0.1555
312 1.059462 0.156
313 1.059393 0.1565
314 1.059335 0.157
315 1.059266 0.1575
316 1.059205 0.158
317 1.059141 0.1585
318 1.059081 0.159
319 1.059018 0.1595
320 1.05896 0.16
321 1.058901 0.1605
322 1.058839 0.161
323 1.058782 0.1615
324 1.058724 0.162
325 1.058668 0.1625
326 1.058612 0.163
327 1.058551 0.1635
328 1.058497 0.164
329 1.058444 0.1645
330 1.058388 0.165
331 1.058336 0.1655
332 1.05828 0.166
333 1.058227 0.1665
334 1.058174 0.167
335 1.058125 0.1675
336 1.058073 0.168
337 1.058021 0.1685
338 1.057969 0.169
339 1.057919 0.1695
340 1.05787 0.17
341 1.057822 0.1705
342 1.057773 0.171
343 1.057727 0.1715
344 1.057676 0.172
345 1.057632 0.1725
346 1.057584 0.173
347 1.057535 0.1735
348 1.057494 0.174
349 1.057449 0.1745
350 1.0574 0.175
351 1.057359 0.1755
352 1.057314 0.176
353 1.05727 0.1765
354 1.057226 0.177
355 1.057183 0.1775
356 1.057148 0.178
357 1.057099 0.1785
358 1.05706 0.179
359 1.057022 0.1795
360 1.056979 0.18
361 1.056938 0.1805
362 1.056897 0.181
363 1.05686 0.1815
364 1.056821 0.182
365 1.056783 0.1825
366 1.056743 0.183
367 1.056706 0.1835
368 1.056673 0.184
369 1.056631 0.1845
370 1.056591 0.185
371 1.056561 0.1855
372 1.05652 0.186
373 1.056491 0.1865
374 1.056452 0.187
375 1.05642 0.1875
376 1.056387 0.188
377 1.056347 0.1885
378 1.056316 0.189
379 1.056287 0.1895
380 1.056248 0.19
381 1.056217 0.1905
382 1.056185 0.191
383 1.056154 0.1915
384 1.056117 0.192
385 1.056086 0.1925
386 1.056061 0.193
387 1.056028 0.1935
388 1.055996 0.194
389 1.055964 0.1945
390 1.055941 0.195
391 1.055908 0.1955
392 1.055877 0.196
393 1.055848 0.1965
394 1.055821 0.197
395 1.055793 0.1975
396 1.055764 0.198
397 1.055735 0.1985
398 1.055709 0.199
399 1.055683 0.1995
400 1.055653 0.2
401 1.055625 0.2005
402 1.055599 0.201
403 1.055573 0.2015
404 1.05555 0.202
405 1.055526 0.2025
406 1.055494 0.203
407 1.055468 0.2035
408 1.055448 0.204
409 1.055422 0.2045
410 1.055398 0.205
411 1.055369 0.2055
412 1.055346 0.206
413 1.055325 0.2065
414 1.055303 0.207
415 1.055276 0.2075
416 1.055254 0.208
417 1.055227 0.2085
418 1.055207 0.209
419 1.055189 0.2095
420 1.055164 0.21
421 1.05514 0.2105
422 1.055119 0.211
423 1.055095 0.2115
424 1.055074 0.212
425 1.055053 0.2125
426 1.055033 0.213
427 1.055014 0.2135
428 1.054992 0.214
429 1.054967 0.2145
430 1.054948 0.215
431 1.05493 0.2155
432 1.054913 0.216
433 1.054887 0.2165
434 1.054867 0.217
435 1.054854 0.2175
436 1.054831 0.218
437 1.054811 0.2185
438 1.054791 0.219
439 1.054773 0.2195
440 1.054755 0.22
441 1.054738 0.2205
442 1.054721 0.221
443 1.0547 0.2215
444 1.054682 0.222
445 1.054665 0.2225
446 1.054647 0.223
447 1.054629 0.2235
448 1.054614 0.224
449 1.054596 0.2245
450 1.054577 0.225
451 1.05456 0.2255
452 1.054547 0.226
453 1.054529 0.2265
454 1.054513 0.227
455 1.054495 0.2275
456 1.054482 0.228
457 1.054464 0.2285
458 1.05445 0.229
459 1.054431 0.2295
460 1.054417 0.23
461 1.054405 0.2305
462 1.05439 0.231
463 1.05437 0.2315
464 1.054357 0.232
465 1.054345 0.2325
466 1.05433 0.233
467 1.054312 0.2335
468 1.054298 0.234
469 1.054285 0.2345
470 1.054275 0.235
471 1.054259 0.2355
472 1.054244 0.236
473 1.054229 0.2365
474 1.054217 0.237
475 1.054203 0.2375
476 1.054191 0.238
477 1.054181 0.2385
478 1.054164 0.239
479 1.05415 0.2395
480 1.054142 0.24
481 1.054131 0.2405
482 1.054115 0.241
483 1.054101 0.2415
484 1.054092 0.242
485 1.05408 0.2425
486 1.054067 0.243
487 1.054054 0.2435
488 1.054043 0.244
489 1.054034 0.2445
490 1.054022 0.245
491 1.05401 0.2455
492 1.053996 0.246
493 1.053985 0.2465
494 1.053978 0.247
495 1.053964 0.2475
496 1.053955 0.248
497 1.053943 0.2485
498 1.053936 0.249
499 1.053923 0.2495
500 1.053913 0.25
501 1.053905 0.2505
502 1.053893 0.251
503 1.053884 0.2515
504 1.053874 0.252
505 1.053862 0.2525
506 1.053853 0.253
507 1.053842 0.2535
508 1.053833 0.254
509 1.053827 0.2545
510 1.053818 0.255
511 1.053807 0.2555
512 1.053798 0.256
513 1.053788 0.2565
514 1.053779 0.257
515 1.053773 0.2575
516 1.053763 0.258
517 1.053751 0.2585
518 1.053742 0.259
519 1.053738 0.2595
520 1.05373 0.26
521 1.053718 0.2605
522 1.053713 0.261
523 1.053702 0.2615
524 1.053694 0.262
525 1.053688 0.2625
526 1.05368 0.263
527 1.053671 0.2635
528 1.053663 0.264
529 1.053656 0.2645
530 1.053646 0.265
531 1.05364 0.2655
532 1.053633 0.266
533 1.053626 0.2665
534 1.053617 0.267
535 1.053609 0.2675
536 1.053602 0.268
537 1.053595 0.2685
538 1.053591 0.269
539 1.053581 0.2695
540 1.053575 0.27
541 1.053566 0.2705
542 1.053562 0.271
543 1.053552 0.2715
544 1.053545 0.272
545 1.05354 0.2725
546 1.053535 0.273
547 1.053529 0.2735
548 1.053519 0.274
549 1.053512 0.2745
550 1.053509 0.275
551 1.0535 0.2755
552 1.053491 0.276
553 1.053486 0.2765
554 1.053481 0.277
555 1.053478 0.2775
556 1.053468 0.278
557 1.053463 0.2785
558 1.053456 0.279
559 1.053451 0.2795
560 1.053443 0.28
561 1.053439 0.2805
562 1.053433 0.281
563 1.053428 0.2815
564 1.053422 0.282
565 1.053415 0.2825
566 1.053408 0.283
567 1.053404 0.2835
568 1.053401 0.284
569 1.053394 0.2845
570 1.053387 0.285
571 1.053378 0.2855
572 1.053377 0.286
573 1.053373 0.2865
574 1.053367 0.287
575 1.053362 0.2875
576 1.053357 0.288
577 1.053351 0.2885
578 1.053344 0.289
579 1.053341 0.2895
580 1.053336 0.29
581 1.05333 0.2905
582 1.053326 0.291
583 1.053321 0.2915
584 1.053316 0.292
585 1.053311 0.2925
586 1.053305 0.293
587 1.053301 0.2935
588 1.053298 0.294
589 1.053293 0.2945
590 1.05329 0.295
591 1.053287 0.2955
592 1.053279 0.296
593 1.053275 0.2965
594 1.053272 0.297
595 1.053267 0.2975
596 1.053262 0.298
597 1.05326 0.2985
598 1.053254 0.299
599 1.053249 0.2995
600 1.053246 0.3
601 1.053244 0.3005
602 1.053242 0.301
603 1.053236 0.3015
604 1.05323 0.302
605 1.053227 0.3025
606 1.053223 0.303
607 1.05322 0.3035
608 1.053216 0.304
609 1.053213 0.3045
610 1.053208 0.305
611 1.053206 0.3055
612 1.053202 0.306
613 1.053198 0.3065
614 1.053196 0.307
615 1.053193 0.3075
616 1.053189 0.308
617 1.053184 0.3085
618 1.05318 0.309
619 1.053179 0.3095
620 1.053176 0.31
621 1.053173 0.3105
622 1.05317 0.311
623 1.053167 0.3115
624 1.053162 0.312
625 1.05316 0.3125
626 1.053156 0.313
627 1.053154 0.3135
628 1.053155 0.314
629 1.053152 0.3145
630 1.053146 0.315
631 1.05314 0.3155
632 1.053136 0.316
633 1.053136 0.3165
634 1.053138 0.317
635 1.053135 0.3175
636 1.053131 0.318
637 1.053125 0.3185
638 1.053122 0.319
639 1.053119 0.3195
640 1.053119 0.32
641 1.053118 0.3205
642 1.053116 0.321
643 1.053111 0.3215
644 1.053109 0.322
645 1.053106 0.3225
646 1.053101 0.323
647 1.053099 0.3235
648 1.053098 0.324
649 1.053096 0.3245
650 1.053094 0.325
651 1.053095 0.3255
652 1.053089 0.326
653 1.053084 0.3265
654 1.053082 0.327
655 1.053081 0.3275
656 1.053079 0.328
657 1.053078 0.3285
658 1.053077 0.329
659 1.053074 0.3295
660 1.05307 0.33
661 1.053066 0.3305
662 1.053064 0.331
663 1.053064 0.3315
664 1.053062 0.332
665 1.053059 0.3325
666 1.053057 0.333
667 1.053054 0.3335
668 1.053054 0.334
669 1.053051 0.3345
670 1.053048 0.335
671 1.053046 0.3355
672 1.053044 0.336
673 1.05304 0.3365
674 1.05304 0.337
675 1.053038 0.3375
676 1.053036 0.338
677 1.053034 0.3385
678 1.053031 0.339
679 1.05303 0.3395
680 1.053029 0.34
681 1.053026 0.3405
682 1.053023 0.341
683 1.053021 0.3415
684 1.05302 0.342
685 1.05302 0.3425
686 1.053016 0.343
687 1.053012 0.3435
688 1.053011 0.344
689 1.05301 0.3445
690 1.053009 0.345
691 1.053007 0.3455
692 1.053006 0.346
693 1.053004 0.3465
694 1.053002 0.347
695 1.052999 0.3475
696 1.052999 0.348
697 1.052997 0.3485
698 1.052993 0.349
699 1.052992 0.3495
700 1.052993 0.35
701 1.05299 0.3505
702 1.052987 0.351
703 1.052986 0.3515
704 1.052985 0.352
705 1.052984 0.3525
706 1.052982 0.353
707 1.052979 0.3535
708 1.052979 0.354
709 1.052979 0.3545
710 1.052976 0.355
711 1.052973 0.3555
712 1.052973 0.356
713 1.052971 0.3565
714 1.052971 0.357
715 1.052969 0.3575
716 1.052968 0.358
717 1.052966 0.3585
718 1.052964 0.359
719 1.052965 0.3595
720 1.052961 0.36
721 1.052961 0.3605
722 1.052961 0.361
723 1.052958 0.3615
724 1.052956 0.362
725 1.052957 0.3625
726 1.052957 0.363
727 1.052954 0.3635
728 1.052953 0.364
729 1.052952 0.3645
730 1.052952 0.365
731 1.05295 0.3655
732 1.052948 0.366
733 1.052948 0.3665
734 1.052946 0.367
735 1.052946 0.3675
736 1.052944 0.368
737 1.052946 0.3685
738 1.052944 0.369
739 1.052942 0.3695
740 1.052939 0.37
741 1.052938 0.3705
742 1.05294 0.371
743 1.052939 0.3715
744 1.052938 0.372
745 1.052938 0.3725
746 1.05294 0.373
747 1.052935 0.3735
748 1.052932 0.374
749 1.05293 0.3745
750 1.052932 0.375
751 1.052933 0.3755
752 1.052933 0.376
753 1.05293 0.3765
754 1.052929 0.377
755 1.052927 0.3775
756 1.052929 0.378
757 1.052928 0.3785
758 1.052926 0.379
759 1.052925 0.3795
760 1.052925 0.38
761 1.052923 0.3805
762 1.052924 0.381
763 1.05292 0.3815
764 1.052922 0.382
765 1.052922 0.3825
766 1.052918 0.383
767 1.05292 0.3835
768 1.052915 0.384
769 1.052918 0.3845
770 1.052918 0.385
771 1.052918 0.3855
772 1.052915 0.386
773 1.052913 0.3865
774 1.052914 0.387
775 1.052915 0.3875
776 1.052913 0.388
777 1.052911 0.3885
778 1.052911 0.389
779 1.052909 0.3895
780 1.052907 0.39
781 1.052908 0.3905
782 1.052908 0.391
783 1.052909 0.3915
784 1.052908 0.392
785 1.052905 0.3925
786 1.052904 0.393
787 1.052904 0.3935
788 1.052903 0.394
789 1.052901 0.3945
790 1.0529 0.395
791 1.052901 0.3955
792 1.052903 0.396
793 1.052902 0.3965
794 1.052899 0.397
795 1.052895 0.3975
796 1.052898 0.398
797 1.052898 0.3985
798 1.052896 0.399
799 1.052893 0.3995
800 1.052893 0.4
801 1.052894 0.4005
802 1.052895 0.401
803 1.052893 0.4015
804 1.052891 0.402
805 1.052889 0.4025
806 1.052888 0.403
807 1.052888 0.4035
808 1.052888 0.404
809 1.052887 0.4045
810 1.052888 0.405
811 1.052886 0.4055
812 1.052885 0.406
813 1.052884 0.4065
814 1.052885 0.407
815 1.052883 0.4075
816 1.052884 0.408
817 1.052885 0.4085
818 1.052884 0.409
819 1.052881 0.4095
820 1.052881 0.41
821 1.052881 0.4105
822 1.052882 0.411
823 1.052878 0.4115
824 1.052876 0.412
825 1.052875 0.4125
826 1.052876 0.413
827 1.052877 0.4135
828 1.052877 0.414
829 1.052876 0.4145
830 1.052875 0.415
831 1.052875 0.4155
832 1.052875 0.416
833 1.052873 0.4165
834 1.052872 0.417
835 1.052872 0.4175
836 1.052873 0.418
837 1.052874 0.4185
838 1.052873 0.419
839 1.052873 0.4195
840 1.052872 0.42
841 1.052871 0.4205
842 1.052869 0.421
843 1.052868 0.4215
844 1.052869 0.422
845 1.05287 0.4225
846 1.052869 0.423
847 1.052869 0.4235
848 1.052868 0.424
849 1.052869 0.4245
850 1.052869 0.425
851 1.052868 0.4255
852 1.052866 0.426
853 1.052866 0.4265
854 1.052868 0.427
855 1.05287 0.4275
856 1.052868 0.428
857 1.052866 0.4285
858 1.052863 0.429
859 1.052863 0.4295
860 1.052866 0.43
861 1.052867 0.4305
862 1.052867 0.431
863 1.052864 0.4315
864 1.052865 0.432
865 1.052864 0.4325
866 1.052866 0.433
867 1.052864 0.4335
868 1.052864 0.434
869 1.052864 0.4345
870 1.052865 0.435
871 1.052863 0.4355
872 1.052863 0.436
873 1.052861 0.4365
874 1.052861 0.437
875 1.052864 0.4375
876 1.052864 0.438
877 1.052863 0.4385
878 1.052861 0.439
879 1.052861 0.4395
880 1.05286 0.44
881 1.052861 0.4405
882 1.052863 0.441
883 1.052863 0.4415
884 1.052859 0.442
885 1.052859 0.4425
886 1.05286 0.443
887 1.052861 0.4435
888 1.052861 0.444
889 1.05286 0.4445
890 1.052861 0.445
891 1.05286 0.4455
892 1.05286 0.446
893 1.052861 0.4465
894 1.052859 0.447
895 1.052857 0.4475
896 1.052855 0.448
897 1.052857 0.4485
898 1.052861 0.449
899 1.05286 0.4495
900 1.052857 0.45
901 1.052856 0.4505
902 1.052855 0.451
903 1.052857 0.4515
904 1.052857 0.452
905 1.052854 0.4525
906 1.052856 0.453
907 1.052856 0.4535
908 1.052856 0.454
909 1.052855 0.4545
910 1.052854 0.455
911 1.052854 0.4555
912 1.052853 0.456
913 1.052853 0.4565
914 1.052851 0.457
915 1.052853 0.4575
916 1.052852 0.458
917 1.052853 0.4585
918 1.052852 0.459
919 1.052853 0.4595
920 1.052852 0.46
921 1.052851 0.4605
922 1.05285 0.461
923 1.052848 0.4615
924 1.052848 0.462
925 1.052849 0.4625
926 1.05285 0.463
927 1.052851 0.4635
928 1.052849 0.464
929 1.052847 0.4645
930 1.052847 0.465
931 1.052845 0.4655
932 1.052847 0.466
933 1.052848 0.4665
934 1.052847 0.467
935 1.052847 0.4675
936 1.052848 0.468
937 1.052846 0.4685
938 1.052843 0.469
939 1.052845 0.4695
940 1.052848 0.47
941 1.052848 0.4705
942 1.052845 0.471
943 1.052845 0.4715
944 1.052843 0.472
945 1.052842 0.4725
946 1.052843 0.473
947 1.052845 0.4735
948 1.052847 0.474
949 1.052845 0.4745
950 1.052841 0.475
951 1.052841 0.4755
952 1.052842 0.476
953 1.052844 0.4765
954 1.052843 0.477
955 1.052842 0.4775
956 1.05284 0.478
957 1.052843 0.4785
958 1.052845 0.479
959 1.052844 0.4795
960 1.052842 0.48
961 1.05284 0.4805
962 1.052842 0.481
963 1.052842 0.4815
964 1.052842 0.482
965 1.052842 0.4825
966 1.052843 0.483
967 1.052842 0.4835
968 1.052842 0.484
969 1.052842 0.4845
970 1.05284 0.485
971 1.052841 0.4855
972 1.052842 0.486
973 1.052841 0.4865
974 1.052842 0.487
975 1.052841 0.4875
976 1.052843 0.488
977 1.052842 0.4885
978 1.052841 0.489
979 1.05284 0.4895
980 1.052842 0.49
981 1.052842 0.4905
982 1.05284 0.491
983 1.052842 0.4915
984 1.052843 0.492
985 1.052845 0.4925
986 1.052842 0.493
987 1.052842 0.4935
988 1.052839 0.494
989 1.052839 0.4945
990 1.052842 0.495
991 1.052844 0.4955
992 1.052843 0.496
993 1.052842 0.4965
994 1.05284 0.497
995 1.05284 0.4975
996 1.052841 0.498
997 1.052842 0.4985
998 1.052842 0.499
999 1.052841 0.4995
1000 1.052843 0.5
1001 1.052843 0.5005
1002 1.052842 0.501
1003 1.052842 0.5015
1004 1.052842 0.502
1005 1.052842 0.5025
1006 1.052841 0.503
1007 1.052841 0.5035
1008 1.052841 0.504
1009 1.052842 0.5045
1010 1.052841 0.505
1011 1.052841 0.5055
1012 1.052841 0.506
1013 1.052842 0.5065
1014 1.052839 0.507
1015 1.052839 0.5075001
1016 1.05284 0.508
1017 1.052841 0.5085
1018 1.05284 0.509
1019 1.052843 0.5095
1020 1.052839 0.5100001
1021 1.052838 0.5105
1022 1.05284 0.511
1023 1.05284 0.5115
1024 1.05284 0.512
1025 1.05284 0.5125
1026 1.05284 0.513
1027 1.052841 0.5135
1028 1.052838 0.514
1029 1.052837 0.5145
1030 1.052837 0.515
1031 1.052837 0.5155
1032 1.05284 0.516
1033 1.052839 0.5165
1034 1.052837 0.517
1035 1.052834 0.5175
1036 1.052836 0.518
1037 1.052837 0.5185
1038 1.052841 0.5190001
1039 1.052838 0.5195
1040 1.052837 0.52
1041 1.052836 0.5205
1042 1.052837 0.521
1043 1.052836 0.5215001
1044 1.052835 0.522
1045 1.052834 0.5225
1046 1.052835 0.523
1047 1.052838 0.5235
1048 1.052837 0.524
1049 1.052835 0.5245
1050 1.052833 0.525
1051 1.052834 0.5255
1052 1.052834 0.526
1053 1.052835 0.5265
1054 1.052834 0.527
1055 1.052832 0.5275
1056 1.052834 0.528
1057 1.052835 0.5285
1058 1.052836 0.529
1059 1.052835 0.5295
1060 1.052832 0.53
1061 1.052832 0.5305001
1062 1.052832 0.531
1063 1.052832 0.5315
1064 1.052834 0.532
1065 1.052835 0.5325
1066 1.052834 0.5330001
1067 1.052832 0.5335
1068 1.052832 0.534
1069 1.052832 0.5345
1070 1.052833 0.535
1071 1.052831 0.5355
1072 1.052831 0.536
1073 1.052832 0.5365
1074 1.052832 0.537
1075 1.052835 0.5375
1076 1.052835 0.538
1077 1.052834 0.5385
1078 1.052831 0.539
1079 1.052833 0.5395
1080 1.052833 0.54
1081 1.052834 0.5405
1082 1.052833 0.541
1083 1.052832 0.5415
1084 1.052832 0.5420001
1085 1.052833 0.5425
1086 1.052831 0.543
1087 1.052832 0.5435
1088 1.052832 0.544
1089 1.052834 0.5445001
1090 1.052835 0.545
1091 1.052834 0.5455
1092 1.052832 0.546
1093 1.052831 0.5465
1094 1.052834 0.5470001
1095 1.052834 0.5475
1096 1.052834 0.548
1097 1.052834 0.5485
1098 1.052832 0.549
1099 1.052833 0.5495
1100 1.052835 0.55
1101 1.052835 0.5505
1102 1.052834 0.551
1103 1.052833 0.5515
1104 1.052835 0.552
1105 1.052834 0.5525
1106 1.052834 0.553
1107 1.052833 0.5535
1108 1.052834 0.554
1109 1.052836 0.5545
1110 1.052835 0.555
1111 1.052834 0.5555
1112 1.052833 0.5560001
1113 1.052835 0.5565
1114 1.052837 0.557
1115 1.052835 0.5575
1116 1.052836 0.558
1117 1.052836 0.5585001
1118 1.052835 0.559
1119 1.052834 0.5595
1120 1.052835 0.56
1121 1.052835 0.5605
1122 1.052832 0.561
1123 1.052833 0.5615
1124 1.052836 0.562
1125 1.052836 0.5625
1126 1.052835 0.563
1127 1.052835 0.5635
1128 1.052836 0.564
1129 1.052836 0.5645
1130 1.052834 0.565
1131 1.052833 0.5655
1132 1.052834 0.566
1133 1.052836 0.5665
1134 1.052835 0.567
1135 1.052835 0.5675001
1136 1.052834 0.568
1137 1.052833 0.5685
1138 1.052835 0.569
1139 1.052836 0.5695
1140 1.052836 0.5700001
1141 1.052837 0.5705
1142 1.052834 0.571
1143 1.052833 0.5715
1144 1.05283 0.572
1145 1.052832 0.5725001
1146 1.052833 0.573
1147 1.052834 0.5735
1148 1.052835 0.574
1149 1.052833 0.5745
1150 1.052832 0.575
1151 1.052832 0.5755
1152 1.052832 0.576
1153 1.052833 0.5765
1154 1.052832 0.577
1155 1.052834 0.5775
1156 1.052832 0.578
1157 1.052834 0.5785
1158 1.052833 0.5790001
1159 1.052831 0.5795
1160 1.052831 0.58
1161 1.05283 0.5805
1162 1.052829 0.581
1163 1.052831 0.5815001
1164 1.052834 0.582
1165 1.052835 0.5825
1166 1.052832 0.583
1167 1.05283 0.5835
1168 1.05283 0.5840001
1169 1.052829 0.5845
1170 1.05283 0.585
1171 1.052829 0.5855
1172 1.05283 0.586
1173 1.05283 0.5865
1174 1.052833 0.587
1175 1.052832 0.5875
1176 1.052832 0.588
1177 1.052831 0.5885
1178 1.052827 0.589
1179 1.052829 0.5895
1180 1.052829 0.59
1181 1.052831 0.5905001
1182 1.052831 0.591
1183 1.052829 0.5915
1184 1.052829 0.592
1185 1.052831 0.5925
1186 1.052831 0.5930001
1187 1.052829 0.5935
1188 1.052827 0.594
1189 1.052827 0.5945
1190 1.052831 0.595
1191 1.052833 0.5955001
1192 1.052834 0.596
1193 1.052832 0.5965
1194 1.052829 0.597
1195 1.052829 0.5975
1196 1.052829 0.598
1197 1.05283 0.5985
1198 1.052831 0.599
1199 1.05283 0.5995
1200 1.05283 0.6
1201 1.052829 0.6005
1202 1.052829 0.601
1203 1.05283 0.6015
1204 1.05283 0.6020001
1205 1.052834 0.6025
1206 1.052832 0.603
1207 1.052831 0.6035
1208 1.05283 0.604
1209 1.052827 0.6045001
1210 1.052827 0.605
1211 1.052829 0.6055
1212 1.052833 0.606
1213 1.052834 0.6065
1214 1.052833 0.6070001
1215 1.052831 0.6075
1216 1.052832 0.608
1217 1.052832 0.6085
1218 1.052829 0.609
1219 1.05283 0.6095001
1220 1.05283 0.61
1221 1.052831 0.6105
1222 1.052835 0.611
1223 1.052834 0.6115
1224 1.052832 0.612
1225 1.05283 0.6125
1226 1.052833 0.613
1227 1.052834 0.6135001
1228 1.052832 0.614
1229 1.052828 0.6145
1230 1.052831 0.615
1231 1.052834 0.6155
1232 1.052836 0.6160001
1233 1.052833 0.6165
1234 1.052831 0.617
1235 1.052831 0.6175
1236 1.052832 0.618
1237 1.052837 0.6185001
1238 1.052833 0.619
1239 1.052832 0.6195
1240 1.052832 0.62
1241 1.052832 0.6205
1242 1.052833 0.6210001
1243 1.052834 0.6215
1244 1.052833 0.622
1245 1.052835 0.6225
1246 1.05283 0.623
1247 1.052831 0.6235
1248 1.052835 0.624
1249 1.052836 0.6245
1250 1.052834 0.625
1251 1.052831 0.6255
1252 1.05283 0.626
1253 1.052831 0.6265
1254 1.052832 0.627
1255 1.052832 0.6275001
1256 1.052834 0.628
1257 1.052832 0.6285
1258 1.052834 0.629
1259 1.052834 0.6295
1260 1.052833 0.6300001
1261 1.05283 0.6305
1262 1.05283 0.631
1263 1.052831 0.6315
1264 1.052831 0.632
1265 1.052832 0.6325001
1266 1.052833 0.633
1267 1.052834 0.6335
1268 1.052832 0.634
1269 1.052831 0.6345
1270 1.052832 0.6350001
1271 1.052831 0.6355
1272 1.052829 0.636
1273 1.052831 0.6365
1274 1.052829 0.637
1275 1.05283 0.6375
1276 1.052831 0.638
1277 1.052831 0.6385
1278 1.05283 0.6390001
1279 1.052829 0.6395
1280 1.052829 0.64
1281 1.052831 0.6405
1282 1.052831 0.641
1283 1.05283 0.6415001
1284 1.05283 0.642
1285 1.05283 0.6425
1286 1.05283 0.643
1287 1.052828 0.6435
1288 1.052828 0.6440001
1289 1.052828 0.6445
1290 1.05283 0.645
1291 1.052832 0.6455
1292 1.05283 0.646
1293 1.052829 0.6465001
1294 1.052825 0.647
1295 1.052829 0.6475
1296 1.052832 0.648
1297 1.052829 0.6485
1298 1.052827 0.649
1299 1.052827 0.6495
1300 1.052829 0.65
1301 1.052832 0.6505001
1302 1.052829 0.651
1303 1.052827 0.6515
1304 1.052826 0.652
1305 1.05283 0.6525
1306 1.052832 0.6530001
1307 1.052829 0.6535
1308 1.052827 0.654
1309 1.052827 0.6545
1310 1.052827 0.655
1311 1.052827 0.6555001
1312 1.052829 0.656
1313 1.052828 0.6565
1314 1.052828 0.657
1315 1.05283 0.6575
1316 1.052831 0.6580001
1317 1.052829 0.6585
1318 1.052827 0.659
1319 1.05283 0.6595
1320 1.05283 0.66
1321 1.052832 0.6605
1322 1.052829 0.661
1323 1.052829 0.6615
1324 1.052829 0.6620001
1325 1.05283 0.6625
1326 1.05283 0.663
1327 1.052827 0.6635
1328 1.052827 0.664
1329 1.05283 0.6645001
1330 1.052832 0.665
1331 1.052833 0.6655
1332 1.05283 0.666
1333 1.05283 0.6665
1334 1.052829 0.6670001
1335 1.052831 0.6675
1336 1.052831 0.668
1337 1.052831 0.6685
1338 1.052831 0.669
1339 1.05283 0.6695001
1340 1.052831 0.67
1341 1.052832 0.6705
1342 1.05283 0.671
1343 1.05283 0.6715
1344 1.05283 0.6720001
1345 1.05283 0.6725
1346 1.052832 0.673
1347 1.052834 0.6735001
1348 1.052835 0.674
1349 1.052832 0.6745
1350 1.052829 0.675
1351 1.05283 0.6755
1352 1.052831 0.6760001
1353 1.052833 0.6765
1354 1.052833 0.677
1355 1.052831 0.6775
1356 1.05283 0.678
1357 1.052829 0.6785001
1358 1.052831 0.679
1359 1.052834 0.6795
1360 1.052832 0.68
1361 1.052831 0.6805
1362 1.052835 0.6810001
1363 1.052835 0.6815
1364 1.052832 0.682
1365 1.05283 0.6825
1366 1.052827 0.683
1367 1.052829 0.6835001
1368 1.052831 0.684
1369 1.052835 0.6845
1370 1.052836 0.6850001
1371 1.052836 0.6855
1372 1.052832 0.686
1373 1.05283 0.6865
1374 1.052828 0.687
1375 1.052828 0.6875001
1376 1.052832 0.688
1377 1.052833 0.6885
1378 1.052832 0.689
1379 1.05283 0.6895
1380 1.05283 0.6900001
1381 1.052832 0.6905
1382 1.05283 0.691
1383 1.052829 0.6915
1384 1.052829 0.692
1385 1.052831 0.6925001
1386 1.052832 0.693
1387 1.05283 0.6935
1388 1.052832 0.694
1389 1.052832 0.6945
1390 1.05283 0.6950001
1391 1.052829 0.6955
1392 1.052829 0.696
1393 1.05283 0.6965
1394 1.05283 0.697
1395 1.05283 0.6975001
1396 1.052828 0.698
1397 1.052828 0.6985
1398 1.052829 0.6990001
1399 1.052829 0.6995
1400 1.052832 0.7
1401 1.052832 0.7005
1402 1.052829 0.701
1403 1.052827 0.7015001
1404 1.052826 0.702
1405 1.052826 0.7025
1406 1.052829 0.703
1407 1.052832 0.7035
1408 1.05283 0.7040001
1409 1.052827 0.7045
1410 1.05283 0.705
1411 1.052829 0.7055
1412 1.052828 0.706
1413 1.052826 0.7065001
1414 1.052827 0.707
1415 1.052831 0.7075
1416 1.05283 0.708
1417 1.052827 0.7085
1418 1.052826 0.7090001
1419 1.052825 0.7095
1420 1.052827 0.71
1421 1.052831 0.7105001
1422 1.05283 0.711
1423 1.052828 0.7115
1424 1.052827 0.712
1425 1.052828 0.7125
1426 1.052829 0.7130001
1427 1.05283 0.7135
1428 1.052829 0.714
1429 1.052827 0.7145
1430 1.052827 0.715
1431 1.052827 0.7155001
1432 1.05283 0.716
1433 1.052829 0.7165
1434 1.05283 0.717
1435 1.052829 0.7175
1436 1.052829 0.7180001
1437 1.052827 0.7185
1438 1.052829 0.719
1439 1.05283 0.7195
1440 1.05283 0.72
1441 1.052829 0.7205001
1442 1.052827 0.721
1443 1.052826 0.7215
1444 1.052829 0.7220001
1445 1.052829 0.7225
1446 1.052832 0.723
1447 1.052832 0.7235
1448 1.052829 0.724
1449 1.052829 0.7245001
1450 1.05283 0.725
1451 1.05283 0.7255
1452 1.05283 0.726
1453 1.05283 0.7265
1454 1.052832 0.7270001
1455 1.052832 0.7275
1456 1.052832 0.728
1457 1.052828 0.7285
1458 1.052828 0.729
1459 1.052829 0.7295001
1460 1.052831 0.73
1461 1.052833 0.7305
1462 1.052834 0.731
1463 1.052833 0.7315
1464 1.052829 0.7320001
1465 1.052828 0.7325
1466 1.05283 0.733
1467 1.052831 0.7335001
1468 1.052834 0.734
1469 1.052833 0.7345001
1470 1.052832 0.735
1471 1.052829 0.7355
1472 1.05283 0.7360001
1473 1.052832 0.7365
1474 1.052834 0.737
1475 1.052833 0.7375
1476 1.052829 0.738
1477 1.052829 0.7385001
1478 1.05283 0.739
1479 1.052832 0.7395
1480 1.052833 0.74
1481 1.05283 0.7405
1482 1.052832 0.7410001
1483 1.052833 0.7415
1484 1.052835 0.742
1485 1.052833 0.7425
1486 1.052831 0.743
1487 1.052829 0.7435001
1488 1.052829 0.744
1489 1.052829 0.7445
1490 1.05283 0.7450001
1491 1.052832 0.7455
1492 1.052832 0.7460001
1493 1.052833 0.7465
1494 1.052832 0.747
1495 1.052831 0.7475001
1496 1.05283 0.748
1497 1.052831 0.7485
1498 1.052832 0.749
1499 1.052832 0.7495
1500 1.052831 0.7500001
1501 1.05283 0.7505
1502 1.052828 0.751
1503 1.052831 0.7515
1504 1.052831 0.752
1505 1.052829 0.7525001
1506 1.052832 0.753
1507 1.05283 0.7535
1508 1.05283 0.754
1509 1.05283 0.7545
1510 1.052829 0.7550001
1511 1.052829 0.7555
1512 1.05283 0.756
1513 1.052831 0.7565001
1514 1.05283 0.757
1515 1.052829 0.7575001
1516 1.052829 0.758
1517 1.052828 0.7585
1518 1.052827 0.7590001
1519 1.052829 0.7595
1520 1.052829 0.7600001
1521 1.052831 0.7605
1522 1.05283 0.761
1523 1.05283 0.7615001
1524 1.052827 0.762
1525 1.052826 0.7625
1526 1.052828 0.763
1527 1.052828 0.7635
1528 1.05283 0.7640001
1529 1.052833 0.7645
1530 1.05283 0.765
1531 1.052828 0.7655
1532 1.052824 0.766
1533 1.052825 0.7665001
1534 1.05283 0.767
1535 1.052832 0.7675
1536 1.05283 0.768
1537 1.052827 0.7685
1538 1.052824 0.7690001
1539 1.052826 0.7695
1540 1.05283 0.77
1541 1.052831 0.7705001
1542 1.05283 0.771
1543 1.05283 0.7715001
1544 1.052827 0.772
1545 1.052825 0.7725
1546 1.052825 0.7730001
1547 1.052826 0.7735
1548 1.052828 0.774
1549 1.052828 0.7745
1550 1.052829 0.775
1551 1.052828 0.7755001
1552 1.052828 0.776
1553 1.052828 0.7765
1554 1.052829 0.777
1555 1.052828 0.7775
1556 1.052828 0.7780001
1557 1.052829 0.7785
1558 1.052831 0.779
1559 1.052831 0.7795
1560 1.052827 0.78
1561 1.052826 0.7805001
1562 1.05283 0.781
1563 1.052831 0.7815
1564 1.052833 0.7820001
1565 1.052828 0.7825
1566 1.052827 0.7830001
1567 1.052829 0.7835
1568 1.052829 0.784
1569 1.052833 0.7845001
1570 1.052833 0.785
1571 1.05283 0.7855
1572 1.052828 0.786
1573 1.052826 0.7865
1574 1.052829 0.7870001
1575 1.052833 0.7875
1576 1.052834 0.788
1577 1.052832 0.7885
1578 1.05283 0.789
1579 1.052829 0.7895001
1580 1.052828 0.79
1581 1.05283 0.7905
1582 1.052833 0.791
1583 1.052832 0.7915
1584 1.052832 0.7920001
1585 1.052829 0.7925
1586 1.052831 0.793
1587 1.052831 0.7935001
1588 1.052831 0.794
1589 1.05283 0.7945001
1590 1.05283 0.795
1591 1.052832 0.7955
1592 1.052833 0.7960001
1593 1.052832 0.7965
1594 1.052831 0.7970001
1595 1.05283 0.7975
1596 1.052831 0.798
1597 1.05283 0.7985001
1598 1.052832 0.799
1599 1.052831 0.7995
1600 1.052831 0.8
1601 1.052831 0.8005
1602 1.052831 0.8010001
1603 1.052835 0.8015
1604 1.052834 0.802
1605 1.052831 0.8025
1606 1.052829 0.803
1607 1.05283 0.8035001
1608 1.05283 0.804
1609 1.05283 0.8045
1610 1.05283 0.8050001
1611 1.052832 0.8055
1612 1.052832 0.8060001
1613 1.052833 0.8065
1614 1.052832 0.807
1615 1.052831 0.8075001
1616 1.05283 0.808
1617 1.052827 0.8085001
1618 1.052828 0.809
1619 1.05283 0.8095
1620 1.052832 0.8100001
1621 1.052829 0.8105
1622 1.052829 0.811
1623 1.052831 0.8115
1624 1.05283 0.812
1625 1.052831 0.8125001
1626 1.052831 0.813
1627 1.052829 0.8135
1628 1.052827 0.814
1629 1.052827 0.8145
1630 1.052831 0.8150001
1631 1.052833 0.8155
1632 1.052832 0.816
1633 1.05283 0.8165001
1634 1.052829 0.817
1635 1.052827 0.8175001
1636 1.052829 0.818
1637 1.052828 0.8185
1638 1.052829 0.8190001
1639 1.052831 0.8195
1640 1.052831 0.8200001
1641 1.052828 0.8205
1642 1.052826 0.821
1643 1.052826 0.8215001
1644 1.052829 0.822
1645 1.052829 0.8225001
1646 1.052831 0.823
1647 1.052828 0.8235
1648 1.05283 0.8240001
1649 1.052828 0.8245
1650 1.052826 0.825
1651 1.052826 0.8255
1652 1.052826 0.826
1653 1.052831 0.8265001
1654 1.052831 0.827
1655 1.05283 0.8275
1656 1.052827 0.8280001
1657 1.052827 0.8285
1658 1.052826 0.8290001
1659 1.052828 0.8295
1660 1.052828 0.83
1661 1.05283 0.8305001
1662 1.052828 0.831
1663 1.05283 0.8315001
1664 1.052829 0.832
1665 1.052828 0.8325
1666 1.052827 0.8330001
1667 1.052828 0.8335
1668 1.052829 0.8340001
1669 1.052828 0.8345
1670 1.052829 0.835
1671 1.052828 0.8355001
1672 1.052827 0.836
1673 1.052828 0.8365
1674 1.052831 0.837
1675 1.052831 0.8375
1676 1.05283 0.8380001
1677 1.052829 0.8385
1678 1.052829 0.839
1679 1.052828 0.8395001
1680 1.052827 0.84
1681 1.052828 0.8405001
1682 1.05283 0.841
1683 1.052829 0.8415
1684 1.05283 0.8420001
1685 1.052832 0.8425
1686 1.052831 0.8430001
1687 1.052827 0.8435
1688 1.052828 0.844
1689 1.05283 0.8445001
1690 1.05283 0.845
1691 1.052831 0.8455001
1692 1.052831 0.846
1693 1.052833 0.8465
1694 1.052831 0.8470001
1695 1.052829 0.8475
1696 1.052828 0.848
1697 1.052829 0.8485
1698 1.05283 0.849
1699 1.052831 0.8495001
1700 1.052833 0.85
1701 1.052832 0.8505
1702 1.052831 0.851
1703 1.052831 0.8515
1704 1.052833 0.8520001
1705 1.052831 0.8525
1706 1.052829 0.853
1707 1.052829 0.8535001
1708 1.052831 0.854
1709 1.052832 0.8545001
1710 1.052833 0.855
1711 1.052831 0.8555
1712 1.052831 0.8560001
1713 1.05283 0.8565
1714 1.05283 0.8570001
1715 1.052832 0.8575
1716 1.052833 0.858
1717 1.052833 0.8585001
1718 1.052831 0.859
1719 1.052831 0.8595001
1720 1.052831 0.86
1721 1.052833 0.8605
1722 1.052834 0.8610001
1723 1.052832 0.8615
1724 1.052831 0.862
1725 1.052832 0.8625
1726 1.052831 0.863
1727 1.05283 0.8635001
1728 1.052829 0.864
1729 1.052828 0.8645
1730 1.05283 0.8650001
1731 1.052832 0.8655
1732 1.052832 0.8660001
1733 1.052831 0.8665
1734 1.05283 0.867
1735 1.05283 0.8675001
1736 1.052832 0.868
1737 1.052834 0.8685001
1738 1.052829 0.869
1739 1.052828 0.8695
1740 1.05283 0.8700001
1741 1.052829 0.8705
1742 1.052832 0.8710001
1743 1.052829 0.8715
1744 1.052827 0.872
1745 1.052828 0.8725001
1746 1.052829 0.873
1747 1.052833 0.8735
1748 1.052833 0.874
1749 1.05283 0.8745
1750 1.052828 0.8750001
1751 1.052827 0.8755
1752 1.052827 0.876
1753 1.052826 0.8765001
1754 1.05283 0.877
1755 1.052832 0.8775001
1756 1.05283 0.878
1757 1.052829 0.8785
1758 1.052828 0.8790001
1759 1.052827 0.8795
1760 1.052826 0.8800001
1761 1.052829 0.8805
1762 1.052831 0.881
1763 1.052832 0.8815001
1764 1.052829 0.882
1765 1.052825 0.8825001
1766 1.052826 0.883
1767 1.052828 0.8835
1768 1.052828 0.8840001
1769 1.052828 0.8845
1770 1.05283 0.8850001
1771 1.052829 0.8855
1772 1.052829 0.886
1773 1.05283 0.8865001
1774 1.052828 0.887
1775 1.052828 0.8875
1776 1.052826 0.8880001
1777 1.052826 0.8885
1778 1.052826 0.8890001
1779 1.052827 0.8895
1780 1.052828 0.89
1781 1.05283 0.8905001
1782 1.052831 0.891
1783 1.05283 0.8915001
1784 1.052828 0.892
1785 1.052827 0.8925
1786 1.052826 0.8930001
1787 1.052828 0.8935
1788 1.052831 0.8940001
1789 1.052831 0.8945
1790 1.052828 0.895
1791 1.052825 0.8955001
1792 1.052826 0.896
1793 1.052829 0.8965001
1794 1.052831 0.897
1795 1.05283 0.8975
1796 1.052828 0.8980001
1797 1.052829 0.8985
1798 1.052827 0.899
1799 1.052829 0.8995001
1800 1.05283 0.9
1801 1.052829 0.9005001
1802 1.052832 0.901
1803 1.052829 0.9015
1804 1.052827 0.9020001
1805 1.05283 0.9025
1806 1.052829 0.9030001
1807 1.05283 0.9035
1808 1.052832 0.904
1809 1.05283 0.9045001
1810 1.052832 0.905
1811 1.052828 0.9055001
1812 1.052829 0.906
1813 1.052829 0.9065
1814 1.05283 0.9070001
1815 1.052832 0.9075
1816 1.052832 0.9080001
1817 1.052831 0.9085
1818 1.05283 0.909
1819 1.052829 0.9095001
1820 1.05283 0.91
1821 1.052832 0.9105
1822 1.052832 0.9110001
1823 1.05283 0.9115
1824 1.052832 0.9120001
1825 1.05283 0.9125
1826 1.05283 0.913
1827 1.052831 0.9135001
1828 1.052831 0.914
1829 1.052831 0.9145001
1830 1.052832 0.915
1831 1.052832 0.9155
1832 1.052832 0.9160001
1833 1.05283 0.9165
1834 1.052829 0.9170001
1835 1.052831 0.9175
1836 1.05283 0.918
1837 1.05283 0.9185001
1838 1.052832 0.919
1839 1.052832 0.9195001
1840 1.052831 0.92
1841 1.052831 0.9205
1842 1.05283 0.9210001
1843 1.052831 0.9215
1844 1.052831 0.9220001
1845 1.052832 0.9225
1846 1.052831 0.923
1847 1.05283 0.9235001
1848 1.052829 0.924
1849 1.05283 0.9245
1850 1.052831 0.9250001
1851 1.052831 0.9255
1852 1.052831 0.9260001
1853 1.052829 0.9265
1854 1.052827 0.927
1855 1.052828 0.9275001
1856 1.052833 0.928
1857 1.052832 0.9285001
1858 1.05283 0.929
1859 1.052827 0.9295
1860 1.052826 0.9300001
1861 1.052828 0.9305
1862 1.052831 0.9310001
1863 1.052833 0.9315
1864 1.052834 0.932
1865 1.052831 0.9325001
1866 1.052828 0.933
1867 1.052827 0.9335001
1868 1.052826 0.934
1869 1.052828 0.9345
1870 1.052828 0.9350001
1871 1.05283 0.9355
1872 1.052831 0.936
1873 1.05283 0.9365001
1874 1.052829 0.937
1875 1.052828 0.9375001
1876 1.052829 0.938
1877 1.052828 0.9385
1878 1.052827 0.9390001
1879 1.052828 0.9395
1880 1.052829 0.9400001
1881 1.05283 0.9405
1882 1.052828 0.941
1883 1.052827 0.9415001
1884 1.052827 0.942
1885 1.052829 0.9425001
1886 1.052827 0.943
1887 1.052827 0.9435
1888 1.052829 0.9440001
1889 1.052828 0.9445
1890 1.052829 0.9450001
1891 1.05283 0.9455
1892 1.052829 0.946
1893 1.052827 0.9465001
1894 1.052825 0.947
1895 1.052825 0.9475001
1896 1.052827 0.9480001
1897 1.052829 0.9485
1898 1.052828 0.9490001
1899 1.052828 0.9495
1900 1.052829 0.95
1901 1.052828 0.9505001
1902 1.05283 0.951
1903 1.052829 0.9515001
1904 1.05283 0.952
1905 1.052829 0.9525
1906 1.052829 0.9530001
1907 1.052828 0.9535
1908 1.052828 0.9540001
1909 1.052827 0.9545
1910 1.052827 0.955
1911 1.052828 0.9555001
1912 1.052828 0.956
1913 1.052828 0.9565001
1914 1.05283 0.957
1915 1.052831 0.9575
1916 1.052831 0.9580001
1917 1.052832 0.9585
1918 1.052831 0.9590001
1919 1.052829 0.9595001
1920 1.052827 0.96
1921 1.052827 0.9605001
1922 1.052831 0.961
1923 1.052831 0.9615
1924 1.052829 0.9620001
1925 1.05283 0.9625
1926 1.052831 0.9630001
1927 1.052832 0.9635
1928 1.05283 0.964
1929 1.052831 0.9645001
1930 1.05283 0.965
1931 1.052829 0.9655001
1932 1.05283 0.966
1933 1.052828 0.9665
1934 1.05283 0.9670001
1935 1.052832 0.9675
1936 1.052832 0.9680001
1937 1.05283 0.9685
1938 1.052829 0.969
1939 1.052831 0.9695001
1940 1.052832 0.97
1941 1.052832 0.9705001
1942 1.05283 0.9710001
1943 1.05283 0.9715
1944 1.05283 0.9720001
1945 1.052831 0.9725
1946 1.052832 0.973
1947 1.052832 0.9735001
1948 1.052832 0.974
1949 1.05283 0.9745001
1950 1.052831 0.975
1951 1.052831 0.9755
1952 1.052831 0.9760001
1953 1.052831 0.9765
1954 1.052832 0.9770001
1955 1.052832 0.9775
1956 1.052831 0.978
1957 1.052829 0.9785001
1958 1.052831 0.979
1959 1.052832 0.9795001
1960 1.052834 0.98
1961 1.052832 0.9805
1962 1.052831 0.9810001
1963 1.052831 0.9815
1964 1.052831 0.9820001
1965 1.05283 0.9825001
1966 1.05283 0.983
1967 1.052831 0.9835001
1968 1.052829 0.984
1969 1.05283 0.9845001
1970 1.05283 0.9850001
1971 1.052831 0.9855
1972 1.052832 0.9860001
1973 1.052829 0.9865
1974 1.052829 0.987
1975 1.05283 0.9875001
1976 1.052831 0.988
1977 1.052831 0.9885001
1978 1.052832 0.989
1979 1.052829 0.9895
1980 1.052829 0.9900001
1981 1.05283 0.9905
1982 1.052828 0.9910001
1983 1.05283 0.9915
1984 1.052832 0.992
1985 1.05283 0.9925001
1986 1.052828 0.993
1987 1.052828 0.9935001
1988 1.052828 0.994
1989 1.052832 0.9945
1990 1.052832 0.9950001
1991 1.052828 0.9955
1992 1.052828 0.9960001
1993 1.052827 0.9965001
1994 1.052829 0.997
1995 1.05283 0.9975001
1996 1.05283 0.998
1997 1.052829 0.9985
1998 1.05283 0.9990001
1999 1.052829 0.9995
2000 1.052828 1
